<?xml version="1.0" encoding="UTF-8"?>
<testng-results ignored="0" total="1" passed="1" failed="0" skipped="0">
  <reporter-output>
  </reporter-output>
  <suite started-at="2023-07-27T12:40:21 IST" name="Suite" finished-at="2023-07-27T12:40:29 IST" duration-ms="7910">
    <groups>
    </groups>
    <test started-at="2023-07-27T12:40:21 IST" name="Test" finished-at="2023-07-27T12:40:29 IST" duration-ms="7910">
      <class name="Simple_progam.First">
        <test-method signature="url()[pri:0, instance:Simple_progam.First@f0da945]" started-at="2023-07-27T12:40:21 IST" name="url" finished-at="2023-07-27T12:40:29 IST" duration-ms="7813" status="PASS">
          <reporter-output>
          </reporter-output>
        </test-method> <!-- url -->
      </class> <!-- Simple_progam.First -->
    </test> <!-- Test -->
  </suite> <!-- Suite -->
</testng-results>
